2025-12-13 20:30:42.135  INFO 7 - [       main] c.epam.healenium.Application     : Starting Application v3.4.10 using Java 23.0.2 with PID 7 (/healenium-backend.jar started by root in /) 
2025-12-13 20:30:42.174  INFO 7 - [       main] c.epam.healenium.Application     : No active profile set, falling back to 1 default profile: "default" 
2025-12-13 20:30:46.177  INFO 7 - [       main] .RepositoryConfigurationDelegate : Bootstrapping Spring Data JPA repositories in DEFAULT mode. 
2025-12-13 20:30:46.486  INFO 7 - [       main] .RepositoryConfigurationDelegate : Finished Spring Data repository scanning in 294 ms. Found 4 JPA repository interfaces. 
2025-12-13 20:30:47.848  INFO 7 - [       main] o.s.b.w.e.t.TomcatWebServer      : Tomcat initialized with port 7878 (http) 
2025-12-13 20:30:47.884  INFO 7 - [       main] o.a.c.core.StandardService       : Starting service [Tomcat] 
2025-12-13 20:30:47.885  INFO 7 - [       main] o.a.c.core.StandardEngine        : Starting Servlet engine: [Apache Tomcat/10.1.44] 
2025-12-13 20:30:47.986  INFO 7 - [       main] o.a.c.c.C.[.[localhost].[/]      : Initializing Spring embedded WebApplicationContext 
2025-12-13 20:30:47.988  INFO 7 - [       main] rvletWebServerApplicationContext : Root WebApplicationContext: initialization completed in 5514 ms 
2025-12-13 20:30:48.531  INFO 7 - [       main] c.z.hikari.HikariDataSource      : HikariPool-1 - Starting... 
2025-12-13 20:30:48.981  INFO 7 - [       main] c.z.hikari.HikariDataSource      : HikariPool-1 - Start completed. 
2025-12-13 20:30:49.275  INFO 7 - [       main] liquibase.database               : Set default schema name to healenium 
2025-12-13 20:30:50.376  INFO 7 - [       main] liquibase.changelog              : Reading from healenium.databasechangelog 
2025-12-13 20:30:50.672  INFO 7 - [       main] liquibase.ui                     : Database is up to date, no changesets to execute 
2025-12-13 20:30:50.677  INFO 7 - [       main] liquibase.changelog              : Reading from healenium.databasechangelog 
2025-12-13 20:30:50.702  INFO 7 - [       main] liquibase.util                   : UPDATE SUMMARY 
2025-12-13 20:30:50.705  INFO 7 - [       main] liquibase.util                   : Run:                          0 
2025-12-13 20:30:50.705  INFO 7 - [       main] liquibase.util                   : Previously run:              11 
2025-12-13 20:30:50.706  INFO 7 - [       main] liquibase.util                   : Filtered out:                 0 
2025-12-13 20:30:50.706  INFO 7 - [       main] liquibase.util                   : ------------------------------- 
2025-12-13 20:30:50.708  INFO 7 - [       main] liquibase.util                   : Total change sets:           11 
2025-12-13 20:30:50.710  INFO 7 - [       main] liquibase.util                   : Update summary generated 
2025-12-13 20:30:50.712  INFO 7 - [       main] liquibase.command                : Command execution complete 
2025-12-13 20:30:53.096  INFO 7 - [       main] o.h.j.internal.util.LogHelper    : HHH000204: Processing PersistenceUnitInfo [name: default] 
2025-12-13 20:30:53.270  INFO 7 - [       main] org.hibernate.Version            : HHH000412: Hibernate ORM core version 6.6.26.Final 
2025-12-13 20:30:53.350  INFO 7 - [       main] o.h.c.i.RegionFactoryInitiator   : HHH000026: Second-level cache disabled 
2025-12-13 20:30:54.211  INFO 7 - [       main] .o.j.p.SpringPersistenceUnitInfo : No LoadTimeWeaver setup: ignoring JPA class transformer 
2025-12-13 20:30:54.245  WARN 7 - [       main] org.hibernate.orm.deprecation    : HHH90000021: Encountered deprecated setting [hibernate.temp.use_jdbc_metadata_defaults], use [hibernate.boot.allow_jdbc_metadata_access] instead 
2025-12-13 20:30:54.281  WARN 7 - [       main] org.hibernate.orm.deprecation    : HHH90000025: PostgreSQLDialect does not need to be specified explicitly using 'hibernate.dialect' (remove the property setting and it will be selected by default) 
2025-12-13 20:30:54.320  INFO 7 - [       main] o.h.orm.connections.pooling      : HHH10001005: Database info:\n 	Database JDBC URL [undefined/unknown]\n 	Database driver: undefined/unknown\n 	Database version: 12.0\n 	Autocommit mode: undefined/unknown\n 	Isolation level: <unknown>\n 	Minimum pool size: undefined/unknown\n 	Maximum pool size: undefined/unknown 
2025-12-13 20:30:56.550  WARN 7 - [       main] o.h.m.internal.MetadataContext   : HHH015011: Unable to locate static metamodel field : com.epam.healenium.model.domain.Selector_#nodePathWrapper; this may or may not indicate a problem with the static metamodel 
2025-12-13 20:30:56.559  INFO 7 - [       main] h.e.t.j.p.i.JtaPlatformInitiator : HHH000489: No JTA platform available (set 'hibernate.transaction.jta.platform' to enable JTA platform integration) 
2025-12-13 20:30:56.565  INFO 7 - [       main] ontainerEntityManagerFactoryBean : Initialized JPA EntityManagerFactory for persistence unit 'default' 
2025-12-13 20:30:57.164  INFO 7 - [       main] o.s.d.j.r.q.QueryEnhancerFactory : Hibernate is in classpath; If applicable, HQL parser will be used. 
2025-12-13 20:30:59.168  INFO 7 - [       main] .a.w.s.WelcomePageHandlerMapping : Adding welcome page template: index 
2025-12-13 20:31:00.262  INFO 7 - [       main] .s.b.a.e.w.EndpointLinksResolver : Exposing 1 endpoint beneath base path '/actuator' 
2025-12-13 20:31:00.651  INFO 7 - [       main] o.s.b.w.e.t.TomcatWebServer      : Tomcat started on port 7878 (http) with context path '/' 
2025-12-13 20:31:00.883  INFO 7 - [       main] c.epam.healenium.Application     : Started Application in 20.009 seconds (process running for 25.328) 
2025-12-13 20:37:22.266  INFO 6 - [       main] c.epam.healenium.Application     : Starting Application v3.4.10 using Java 23.0.2 with PID 6 (/healenium-backend.jar started by root in /) 
2025-12-13 20:37:22.274  INFO 6 - [       main] c.epam.healenium.Application     : No active profile set, falling back to 1 default profile: "default" 
2025-12-13 20:37:25.742  INFO 6 - [       main] .RepositoryConfigurationDelegate : Bootstrapping Spring Data JPA repositories in DEFAULT mode. 
2025-12-13 20:37:26.243  INFO 6 - [       main] .RepositoryConfigurationDelegate : Finished Spring Data repository scanning in 451 ms. Found 4 JPA repository interfaces. 
2025-12-13 20:37:27.289  INFO 6 - [       main] o.s.b.w.e.t.TomcatWebServer      : Tomcat initialized with port 7878 (http) 
2025-12-13 20:37:27.318  INFO 6 - [       main] o.a.c.core.StandardService       : Starting service [Tomcat] 
2025-12-13 20:37:27.319  INFO 6 - [       main] o.a.c.core.StandardEngine        : Starting Servlet engine: [Apache Tomcat/10.1.44] 
2025-12-13 20:37:27.381  INFO 6 - [       main] o.a.c.c.C.[.[localhost].[/]      : Initializing Spring embedded WebApplicationContext 
2025-12-13 20:37:27.383  INFO 6 - [       main] rvletWebServerApplicationContext : Root WebApplicationContext: initialization completed in 4992 ms 
2025-12-13 20:37:27.765  INFO 6 - [       main] c.z.hikari.HikariDataSource      : HikariPool-1 - Starting... 
2025-12-13 20:37:28.182  INFO 6 - [       main] c.z.hikari.HikariDataSource      : HikariPool-1 - Start completed. 
2025-12-13 20:37:28.521  INFO 6 - [       main] liquibase.database               : Set default schema name to healenium 
2025-12-13 20:37:30.469  INFO 6 - [       main] liquibase.changelog              : Reading from healenium.databasechangelog 
2025-12-13 20:37:31.031  INFO 6 - [       main] liquibase.ui                     : Database is up to date, no changesets to execute 
2025-12-13 20:37:31.035  INFO 6 - [       main] liquibase.changelog              : Reading from healenium.databasechangelog 
2025-12-13 20:37:31.056  INFO 6 - [       main] liquibase.util                   : UPDATE SUMMARY 
2025-12-13 20:37:31.057  INFO 6 - [       main] liquibase.util                   : Run:                          0 
2025-12-13 20:37:31.058  INFO 6 - [       main] liquibase.util                   : Previously run:              11 
2025-12-13 20:37:31.059  INFO 6 - [       main] liquibase.util                   : Filtered out:                 0 
2025-12-13 20:37:31.059  INFO 6 - [       main] liquibase.util                   : ------------------------------- 
2025-12-13 20:37:31.060  INFO 6 - [       main] liquibase.util                   : Total change sets:           11 
2025-12-13 20:37:31.061  INFO 6 - [       main] liquibase.util                   : Update summary generated 
2025-12-13 20:37:31.062  INFO 6 - [       main] liquibase.command                : Command execution complete 
2025-12-13 20:37:33.012  INFO 6 - [       main] o.h.j.internal.util.LogHelper    : HHH000204: Processing PersistenceUnitInfo [name: default] 
2025-12-13 20:37:33.263  INFO 6 - [       main] org.hibernate.Version            : HHH000412: Hibernate ORM core version 6.6.26.Final 
2025-12-13 20:37:33.316  INFO 6 - [       main] o.h.c.i.RegionFactoryInitiator   : HHH000026: Second-level cache disabled 
2025-12-13 20:37:33.958  INFO 6 - [       main] .o.j.p.SpringPersistenceUnitInfo : No LoadTimeWeaver setup: ignoring JPA class transformer 
2025-12-13 20:37:33.981  WARN 6 - [       main] org.hibernate.orm.deprecation    : HHH90000021: Encountered deprecated setting [hibernate.temp.use_jdbc_metadata_defaults], use [hibernate.boot.allow_jdbc_metadata_access] instead 
2025-12-13 20:37:34.011  WARN 6 - [       main] org.hibernate.orm.deprecation    : HHH90000025: PostgreSQLDialect does not need to be specified explicitly using 'hibernate.dialect' (remove the property setting and it will be selected by default) 
2025-12-13 20:37:34.033  INFO 6 - [       main] o.h.orm.connections.pooling      : HHH10001005: Database info:\n 	Database JDBC URL [undefined/unknown]\n 	Database driver: undefined/unknown\n 	Database version: 12.0\n 	Autocommit mode: undefined/unknown\n 	Isolation level: <unknown>\n 	Minimum pool size: undefined/unknown\n 	Maximum pool size: undefined/unknown 
2025-12-13 20:37:35.471  WARN 6 - [       main] o.h.m.internal.MetadataContext   : HHH015011: Unable to locate static metamodel field : com.epam.healenium.model.domain.Selector_#nodePathWrapper; this may or may not indicate a problem with the static metamodel 
2025-12-13 20:37:35.476  INFO 6 - [       main] h.e.t.j.p.i.JtaPlatformInitiator : HHH000489: No JTA platform available (set 'hibernate.transaction.jta.platform' to enable JTA platform integration) 
2025-12-13 20:37:35.481  INFO 6 - [       main] ontainerEntityManagerFactoryBean : Initialized JPA EntityManagerFactory for persistence unit 'default' 
2025-12-13 20:37:35.867  INFO 6 - [       main] o.s.d.j.r.q.QueryEnhancerFactory : Hibernate is in classpath; If applicable, HQL parser will be used. 
2025-12-13 20:37:37.187  INFO 6 - [       main] .a.w.s.WelcomePageHandlerMapping : Adding welcome page template: index 
2025-12-13 20:37:37.934  INFO 6 - [       main] .s.b.a.e.w.EndpointLinksResolver : Exposing 1 endpoint beneath base path '/actuator' 
2025-12-13 20:37:38.109  INFO 6 - [       main] o.s.b.w.e.t.TomcatWebServer      : Tomcat started on port 7878 (http) with context path '/' 
2025-12-13 20:37:38.299  INFO 6 - [       main] c.epam.healenium.Application     : Started Application in 17.47 seconds (process running for 25.054) 
2025-12-13 20:46:32.266  INFO 6 - [7878-exec-1] o.a.c.c.C.[.[localhost].[/]      : Initializing Spring DispatcherServlet 'dispatcherServlet' 
2025-12-13 20:46:32.343  INFO 6 - [7878-exec-1] o.s.w.s.DispatcherServlet        : Initializing Servlet 'dispatcherServlet' 
2025-12-13 20:46:32.436  INFO 6 - [7878-exec-1] o.s.w.s.DispatcherServlet        : Completed initialization in 91 ms 
2025-12-13 20:46:42.076  INFO 6 - [7878-exec-3] healenium                        : [Save Elements] Request: By.cssSelector(.btn.btn-link.dropdown-toggle) 
2025-12-13 20:46:43.249  INFO 6 - [7878-exec-4] healenium                        : [Save Elements] Request: By.cssSelector([name='EUR']) 
2025-12-13 20:46:43.539  INFO 6 - [7878-exec-5] healenium                        : [Save Elements] Request: By.cssSelector([name='GBP']) 
2025-12-13 20:46:43.842  INFO 6 - [7878-exec-6] healenium                        : [Save Elements] Request: By.cssSelector([name='USD']) 
2025-12-13 20:46:44.143  INFO 6 - [7878-exec-7] healenium                        : [Save Elements] Request: By.cssSelector(.btn.btn-link.dropdown-toggle) 
2025-12-13 20:46:44.508  INFO 6 - [7878-exec-8] healenium                        : [Save Elements] Request: By.cssSelector([name='EUR']) 
2025-12-13 20:46:44.819  INFO 6 - [7878-exec-9] healenium                        : [Save Elements] Request: By.cssSelector([name='GBP']) 
2025-12-13 20:46:45.057  INFO 6 - [878-exec-10] healenium                        : [Save Elements] Request: By.cssSelector([name='USD']) 
2025-12-13 20:58:57.866  INFO 6 - [7878-exec-4] healenium                        : [Save Elements] Request: By.cssSelector(.button-group button[onclick*='cart.add']) 
2025-12-13 20:58:58.519  INFO 6 - [7878-exec-5] healenium                        : [Save Elements] Request: By.cssSelector(.btn[href*='checkout']) 
2025-12-13 20:58:58.620  INFO 6 - [7878-exec-6] healenium                        : [Save Elements] Request: By.cssSelector(input[type='text'][name*='quantity']) 
2025-12-13 20:58:58.784  INFO 6 - [7878-exec-7] healenium                        : [Save Elements] Request: By.cssSelector(.btn.btn-primary[data-original-title*='Update'][data-toggle='tooltip']) 
